2017-02-15 08:50:21,475 INFO: microblog startup [in D:\microblog\app\__init__.py:34]
2017-02-15 08:50:22,279 INFO: microblog startup [in D:\microblog\app\__init__.py:34]
2017-02-15 08:53:26,790 INFO: microblog startup [in D:\microblog\app\__init__.py:34]
2017-02-15 08:54:42,742 INFO: microblog startup [in D:\microblog\app\__init__.py:34]
2017-02-15 08:54:47,846 INFO: microblog startup [in D:\microblog\app\__init__.py:34]
2017-02-15 08:55:45,852 INFO: microblog startup [in D:\microblog\app\__init__.py:34]
2017-02-15 08:56:13,629 INFO: microblog startup [in D:\microblog\app\__init__.py:34]
2017-02-15 08:56:24,542 INFO: microblog startup [in D:\microblog\app\__init__.py:34]
2017-02-15 08:56:25,394 INFO: microblog startup [in D:\microblog\app\__init__.py:34]
2017-02-15 09:03:55,792 INFO: microblog startup [in D:\microblog\app\__init__.py:34]
2017-02-15 09:03:55,982 INFO: microblog startup [in D:\microblog\app\__init__.py:34]
2017-02-15 09:05:06,019 INFO: microblog startup [in D:\microblog\app\__init__.py:34]
2017-02-15 13:06:41,059 INFO: microblog startup [in D:\microblog\app\__init__.py:34]
2017-02-15 13:07:21,868 INFO: microblog startup [in D:\microblog\app\__init__.py:34]
2017-02-15 13:08:46,974 ERROR: Exception on /wechat/wxfriends/ [GET] [in C:\Python35\lib\site-packages\flask\app.py:1560]
Traceback (most recent call last):
  File "C:\Python35\lib\site-packages\flask\app.py", line 1982, in wsgi_app
    response = self.full_dispatch_request()
  File "C:\Python35\lib\site-packages\flask\app.py", line 1614, in full_dispatch_request
    rv = self.handle_user_exception(e)
  File "C:\Python35\lib\site-packages\flask\app.py", line 1517, in handle_user_exception
    reraise(exc_type, exc_value, tb)
  File "C:\Python35\lib\site-packages\flask\_compat.py", line 33, in reraise
    raise value
  File "C:\Python35\lib\site-packages\flask\app.py", line 1612, in full_dispatch_request
    rv = self.dispatch_request()
  File "C:\Python35\lib\site-packages\flask\app.py", line 1598, in dispatch_request
    return self.view_functions[rule.endpoint](**req.view_args)
  File "C:\Python35\lib\site-packages\flask_login\utils.py", line 228, in decorated_view
    return func(*args, **kwargs)
  File "D:\microblog\app\views.py", line 161, in wechat_wxfriends
    next_num=next_num,  #ÏÂÒ»Ò³
  File "C:\Python35\lib\site-packages\flask\templating.py", line 134, in render_template
    context, ctx.app)
  File "C:\Python35\lib\site-packages\flask\templating.py", line 116, in _render
    rv = template.render(context)
  File "C:\Python35\lib\site-packages\jinja2\environment.py", line 1008, in render
    return self.environment.handle_exception(exc_info, True)
  File "C:\Python35\lib\site-packages\jinja2\environment.py", line 780, in handle_exception
    reraise(exc_type, exc_value, tb)
  File "C:\Python35\lib\site-packages\jinja2\_compat.py", line 37, in reraise
    raise value.with_traceback(tb)
  File "D:\microblog\app\templates\wxchat\wxfriends.html", line 1, in top-level template code
    {% extends "wechat.html" %}
  File "D:\microblog\app\templates\wechat.html", line 1, in top-level template code
    {% extends "base.html" %}
  File "D:\microblog\app\templates\base.html", line 72, in top-level template code
    {% block content %}
  File "D:\microblog\app\templates\wechat.html", line 111, in block "content"
    {% if len(post.wxuser_id.remarkname) %}
jinja2.exceptions.UndefinedError: 'len' is undefined
2017-02-15 13:08:48,243 ERROR: Exception on /wechat [GET] [in C:\Python35\lib\site-packages\flask\app.py:1560]
Traceback (most recent call last):
  File "C:\Python35\lib\site-packages\flask\app.py", line 1982, in wsgi_app
    response = self.full_dispatch_request()
  File "C:\Python35\lib\site-packages\flask\app.py", line 1614, in full_dispatch_request
    rv = self.handle_user_exception(e)
  File "C:\Python35\lib\site-packages\flask\app.py", line 1517, in handle_user_exception
    reraise(exc_type, exc_value, tb)
  File "C:\Python35\lib\site-packages\flask\_compat.py", line 33, in reraise
    raise value
  File "C:\Python35\lib\site-packages\flask\app.py", line 1612, in full_dispatch_request
    rv = self.dispatch_request()
  File "C:\Python35\lib\site-packages\flask\app.py", line 1598, in dispatch_request
    return self.view_functions[rule.endpoint](**req.view_args)
  File "C:\Python35\lib\site-packages\flask_login\utils.py", line 228, in decorated_view
    return func(*args, **kwargs)
  File "D:\microblog\app\views.py", line 116, in wechat
    is_wxchat=ret)
  File "C:\Python35\lib\site-packages\flask\templating.py", line 134, in render_template
    context, ctx.app)
  File "C:\Python35\lib\site-packages\flask\templating.py", line 116, in _render
    rv = template.render(context)
  File "C:\Python35\lib\site-packages\jinja2\environment.py", line 1008, in render
    return self.environment.handle_exception(exc_info, True)
  File "C:\Python35\lib\site-packages\jinja2\environment.py", line 780, in handle_exception
    reraise(exc_type, exc_value, tb)
  File "C:\Python35\lib\site-packages\jinja2\_compat.py", line 37, in reraise
    raise value.with_traceback(tb)
  File "D:\microblog\app\templates\wechat.html", line 1, in top-level template code
    {% extends "base.html" %}
  File "D:\microblog\app\templates\base.html", line 72, in top-level template code
    {% block content %}
  File "D:\microblog\app\templates\wechat.html", line 111, in block "content"
    {% if len(post.wxuser_id.remarkname) %}
jinja2.exceptions.UndefinedError: 'len' is undefined
2017-02-15 13:09:35,816 INFO: microblog startup [in D:\microblog\app\__init__.py:34]
2017-02-15 13:09:44,757 INFO: microblog startup [in D:\microblog\app\__init__.py:34]
2017-02-15 13:09:45,519 INFO: microblog startup [in D:\microblog\app\__init__.py:34]
2017-02-15 13:11:32,572 INFO: microblog startup [in D:\microblog\app\__init__.py:34]
2017-02-15 13:13:32,964 INFO: microblog startup [in D:\microblog\app\__init__.py:34]
2017-02-15 13:13:33,757 INFO: microblog startup [in D:\microblog\app\__init__.py:34]
2017-02-15 13:18:40,509 INFO: microblog startup [in D:\microblog\app\__init__.py:34]
2017-02-15 13:19:17,990 INFO: microblog startup [in D:\microblog\app\__init__.py:34]
2017-02-15 13:19:18,732 INFO: microblog startup [in D:\microblog\app\__init__.py:34]
2017-02-15 13:19:44,165 INFO: microblog startup [in D:\microblog\app\__init__.py:34]
2017-02-15 13:19:44,898 INFO: microblog startup [in D:\microblog\app\__init__.py:34]
2017-02-15 13:22:01,039 INFO: microblog startup [in D:\microblog\app\__init__.py:34]
2017-02-15 13:29:47,812 INFO: microblog startup [in D:\microblog\app\__init__.py:34]
2017-02-15 13:29:48,535 INFO: microblog startup [in D:\microblog\app\__init__.py:34]
2017-02-15 13:31:03,296 INFO: microblog startup [in D:\microblog\app\__init__.py:34]
2017-02-15 13:31:04,065 INFO: microblog startup [in D:\microblog\app\__init__.py:34]
2017-02-15 13:31:40,903 INFO: microblog startup [in D:\microblog\app\__init__.py:34]
2017-02-15 13:32:14,786 INFO: microblog startup [in D:\microblog\app\__init__.py:34]
2017-02-15 13:37:46,039 INFO: microblog startup [in D:\microblog\app\__init__.py:34]
2017-02-15 13:37:46,914 INFO: microblog startup [in D:\microblog\app\__init__.py:34]
2017-02-15 13:38:26,085 INFO: microblog startup [in D:\microblog\app\__init__.py:34]
2017-02-15 13:38:27,144 INFO: microblog startup [in D:\microblog\app\__init__.py:34]
2017-02-15 17:09:35,405 INFO: microblog startup [in D:\microblog\app\__init__.py:34]
2017-02-15 17:09:36,134 INFO: microblog startup [in D:\microblog\app\__init__.py:34]
2017-02-15 17:12:04,361 INFO: microblog startup [in D:\microblog\app\__init__.py:34]
2017-02-15 19:35:37,282 INFO: microblog startup [in D:\microblog\app\__init__.py:34]
2017-02-15 19:36:00,302 INFO: microblog startup [in D:\microblog\app\__init__.py:34]
2017-02-15 19:36:37,744 INFO: microblog startup [in D:\microblog\app\__init__.py:34]
2017-02-15 20:55:55,798 INFO: microblog startup [in D:\microblog\app\__init__.py:34]
2017-02-15 20:58:59,964 INFO: microblog startup [in D:\microblog\app\__init__.py:34]
2017-02-15 21:00:05,611 INFO: microblog startup [in D:\microblog\app\__init__.py:34]
2017-02-15 21:02:54,173 INFO: microblog startup [in D:\microblog\app\__init__.py:34]
2017-02-15 21:03:32,115 INFO: microblog startup [in D:\microblog\app\__init__.py:34]
2017-02-15 21:04:30,082 INFO: microblog startup [in D:\microblog\app\__init__.py:34]
2017-02-15 21:05:43,243 INFO: microblog startup [in D:\microblog\app\__init__.py:34]
2017-02-15 21:13:49,345 INFO: microblog startup [in D:\microblog\app\__init__.py:34]
2017-02-15 21:14:12,755 INFO: microblog startup [in D:\microblog\app\__init__.py:34]
2017-02-15 21:15:07,000 INFO: microblog startup [in D:\microblog\app\__init__.py:34]
2017-02-15 21:16:14,602 INFO: microblog startup [in D:\microblog\app\__init__.py:34]
2017-02-15 21:16:29,619 INFO: microblog startup [in D:\microblog\app\__init__.py:34]
2017-02-15 21:16:45,048 INFO: microblog startup [in D:\microblog\app\__init__.py:34]
2017-02-15 21:21:38,404 INFO: microblog startup [in D:\microblog\app\__init__.py:34]
2017-02-15 21:22:52,012 INFO: microblog startup [in D:\microblog\app\__init__.py:34]
2017-02-15 21:23:19,911 INFO: microblog startup [in D:\microblog\app\__init__.py:34]
2017-02-15 21:24:19,062 INFO: microblog startup [in D:\microblog\app\__init__.py:34]
2017-02-16 08:47:27,566 INFO: microblog startup [in D:\microblog\app\__init__.py:34]
2017-02-16 08:50:13,744 INFO: microblog startup [in D:\microblog\app\__init__.py:34]
2017-02-16 08:51:25,706 INFO: microblog startup [in D:\microblog\app\__init__.py:34]
2017-02-16 09:01:10,059 INFO: microblog startup [in D:\microblog\app\__init__.py:34]
2017-02-16 09:19:32,835 INFO: microblog startup [in D:\microblog\app\__init__.py:34]
2017-02-16 09:25:06,183 INFO: microblog startup [in D:\microblog\app\__init__.py:34]
2017-02-16 09:25:48,036 INFO: microblog startup [in D:\microblog\app\__init__.py:34]
2017-02-16 09:26:24,621 INFO: microblog startup [in D:\microblog\app\__init__.py:34]
2017-02-23 17:39:50,652 INFO: microblog startup [in D:\microblog\app\__init__.py:34]
2017-02-23 17:40:23,483 INFO: microblog startup [in D:\microblog\app\__init__.py:34]
2017-02-23 17:40:31,888 INFO: microblog startup [in D:\microblog\app\__init__.py:34]
